<?xml version="1.0" encoding="UTF-8"?>
<!-- Generated by org.testng.reporters.JUnitReportReporter -->
<testsuite hostname="LAPTOP-IKEOPR74" failures="0" tests="6" name="tests.Test_NewUserRegistrationSignUp" time="50.600" errors="0" timestamp="2022-05-09T23:55:23 IST" skipped="0">
  <testcase classname="tests.Test_NewUserRegistrationSignUp" name="test_NameFieldBlank" time="6.930"/>
  <system-out/>
  <testcase classname="tests.Test_NewUserRegistrationSignUp" name="test_NameFieldBlank" time="9.211"/>
  <system-out/>
  <testcase classname="tests.Test_NewUserRegistrationSignUp" name="test_addressLine1FieldBlank" time="8.314"/>
  <system-out/>
  <testcase classname="tests.Test_NewUserRegistrationSignUp" name="test_addressLine1FieldBlank" time="6.656"/>
  <system-out/>
  <testcase classname="tests.Test_NewUserRegistrationSignUp" name="test_CityBlank" time="8.724"/>
  <system-out/>
  <testcase classname="tests.Test_NewUserRegistrationSignUp" name="test_CityBlank" time="10.765"/>
  <system-out/>
</testsuite> <!-- tests.Test_NewUserRegistrationSignUp -->
